<?xml version="1.0" encoding="UTF-8"?>
<testng-results skipped="0" failed="0" ignored="0" total="1" passed="1">
  <reporter-output>
  </reporter-output>
  <suite name="Suite" duration-ms="9134" started-at="2017-08-19T00:22:47Z" finished-at="2017-08-19T00:22:56Z">
    <groups>
    </groups>
    <test name="Test" duration-ms="9134" started-at="2017-08-19T00:22:47Z" finished-at="2017-08-19T00:22:56Z">
      <class name="Example.NewTest">
        <test-method status="PASS" signature="beforeTest()[pri:0, instance:Example.NewTest@38082d64]" name="beforeTest" is-config="true" duration-ms="4187" started-at="2017-08-18T17:22:47Z" finished-at="2017-08-18T17:22:51Z">
          <reporter-output>
          </reporter-output>
        </test-method> <!-- beforeTest -->
        <test-method status="PASS" signature="testEasy()[pri:0, instance:Example.NewTest@38082d64]" name="testEasy" duration-ms="4568" started-at="2017-08-18T17:22:51Z" finished-at="2017-08-18T17:22:56Z">
          <reporter-output>
          </reporter-output>
        </test-method> <!-- testEasy -->
        <test-method status="PASS" signature="afterTest()[pri:0, instance:Example.NewTest@38082d64]" name="afterTest" is-config="true" duration-ms="361" started-at="2017-08-18T17:22:56Z" finished-at="2017-08-18T17:22:56Z">
          <reporter-output>
          </reporter-output>
        </test-method> <!-- afterTest -->
      </class> <!-- Example.NewTest -->
    </test> <!-- Test -->
  </suite> <!-- Suite -->
</testng-results>
