<?xml version="1.0" encoding="UTF-8"?>
<testng-results skipped="0" failed="0" ignored="0" total="1" passed="1">
  <reporter-output>
  </reporter-output>
  <suite name="Suite" duration-ms="8086" started-at="2017-08-19T00:16:33Z" finished-at="2017-08-19T00:16:42Z">
    <groups>
    </groups>
    <test name="Test" duration-ms="8086" started-at="2017-08-19T00:16:33Z" finished-at="2017-08-19T00:16:42Z">
      <class name="Example.NewTest">
        <test-method status="PASS" signature="beforeTest()[pri:0, instance:Example.NewTest@3532ec19]" name="beforeTest" is-config="true" duration-ms="4170" started-at="2017-08-18T17:16:33Z" finished-at="2017-08-18T17:16:38Z">
          <reporter-output>
          </reporter-output>
        </test-method> <!-- beforeTest -->
        <test-method status="PASS" signature="testEasy()[pri:0, instance:Example.NewTest@3532ec19]" name="testEasy" duration-ms="3549" started-at="2017-08-18T17:16:38Z" finished-at="2017-08-18T17:16:41Z">
          <reporter-output>
          </reporter-output>
        </test-method> <!-- testEasy -->
        <test-method status="PASS" signature="afterTest()[pri:0, instance:Example.NewTest@3532ec19]" name="afterTest" is-config="true" duration-ms="355" started-at="2017-08-18T17:16:41Z" finished-at="2017-08-18T17:16:42Z">
          <reporter-output>
          </reporter-output>
        </test-method> <!-- afterTest -->
      </class> <!-- Example.NewTest -->
    </test> <!-- Test -->
  </suite> <!-- Suite -->
</testng-results>
